Arguments: 
  /usr/bin/node /usr/bin/yarn

PATH: 
  /home/douglas-tott/.local/share/zinit/polaris/bin:/usr/local/sbin:/usr/local/bin:/usr/sbin:/usr/bin:/sbin:/bin:/usr/games:/usr/local/games:/snap/bin

Yarn version: 
  1.22.17

Node version: 
  16.15.1

Platform: 
  linux x64

Trace: 
  SyntaxError: /home/douglas-tott/Área de Trabalho/html/package.json: Unexpected token } in JSON at position 218
      at JSON.parse (<anonymous>)
      at /usr/lib/node_modules/yarn/lib/cli.js:1625:59
      at Generator.next (<anonymous>)
      at step (/usr/lib/node_modules/yarn/lib/cli.js:310:30)
      at /usr/lib/node_modules/yarn/lib/cli.js:321:13

npm manifest: 
  {
    "name": "bella_rouse",
    "version": "1.0.0",
    "description": "",
    "main": "index.js",
    "scripts": {
      "live-sass": "node-sass -w public/sass/main.scss public/styles/index.min.css --output-style compressed",
    },
    "keywords": [],
    "author": "",
    "license": "ISC"
  }

yarn manifest: 
  No manifest

Lockfile: 
  No lockfile
